[2023-10-20 11:06:49] error: ReferenceError: data is not defined
    at Object.exports.paginateDate (D:\Lab\supplier-admin-backend\middlewares\paginate.js:11:33)
    at exports.getAllSuppliers (D:\Lab\supplier-admin-backend\controllers\suppliers.js:27:42)
    at processTicksAndRejections (node:internal/process/task_queues:96:5)
[2023-10-20 11:35:12] error: Error: Route.post() requires a callback function but got a [object Undefined]
    at Route.<computed> [as post] (D:\Lab\supplier-admin-backend\node_modules\express\lib\router\route.js:211:15)
    at Function.proto.<computed> [as post] (D:\Lab\supplier-admin-backend\node_modules\express\lib\router\index.js:521:19)
    at Object.<anonymous> (D:\Lab\supplier-admin-backend\routes\suppliers.js:9:8)
    at Module._compile (node:internal/modules/cjs/loader:1198:14)
    at Object.Module._extensions..js (node:internal/modules/cjs/loader:1252:10)
    at Module.load (node:internal/modules/cjs/loader:1076:32)
    at Function.Module._load (node:internal/modules/cjs/loader:911:12)
    at Module.require (node:internal/modules/cjs/loader:1100:19)
    at require (node:internal/modules/cjs/helpers:108:18)
    at Object.<anonymous> (D:\Lab\supplier-admin-backend\routes\index.js:3:23)
[2023-10-20 13:00:38] error: TypeError: Cannot read properties of undefined (reading 'replace')
    at exports.createSupplier (D:\Lab\supplier-admin-backend\controllers\suppliers.js:64:45)
    at Layer.handle [as handle_request] (D:\Lab\supplier-admin-backend\node_modules\express\lib\router\layer.js:95:5)
    at next (D:\Lab\supplier-admin-backend\node_modules\express\lib\router\route.js:144:13)
    at Route.dispatch (D:\Lab\supplier-admin-backend\node_modules\express\lib\router\route.js:114:3)
    at Layer.handle [as handle_request] (D:\Lab\supplier-admin-backend\node_modules\express\lib\router\layer.js:95:5)
    at D:\Lab\supplier-admin-backend\node_modules\express\lib\router\index.js:284:15
    at Function.process_params (D:\Lab\supplier-admin-backend\node_modules\express\lib\router\index.js:346:12)
    at next (D:\Lab\supplier-admin-backend\node_modules\express\lib\router\index.js:280:10)
    at Function.handle (D:\Lab\supplier-admin-backend\node_modules\express\lib\router\index.js:175:3)
    at router (D:\Lab\supplier-admin-backend\node_modules\express\lib\router\index.js:47:12)
[2023-10-20 13:02:54] error: TypeError: Cannot read properties of undefined (reading 'replace')
    at exports.createSupplier (D:\Lab\supplier-admin-backend\controllers\suppliers.js:64:45)
    at Layer.handle [as handle_request] (D:\Lab\supplier-admin-backend\node_modules\express\lib\router\layer.js:95:5)
    at next (D:\Lab\supplier-admin-backend\node_modules\express\lib\router\route.js:144:13)
    at Route.dispatch (D:\Lab\supplier-admin-backend\node_modules\express\lib\router\route.js:114:3)
    at Layer.handle [as handle_request] (D:\Lab\supplier-admin-backend\node_modules\express\lib\router\layer.js:95:5)
    at D:\Lab\supplier-admin-backend\node_modules\express\lib\router\index.js:284:15
    at Function.process_params (D:\Lab\supplier-admin-backend\node_modules\express\lib\router\index.js:346:12)
    at next (D:\Lab\supplier-admin-backend\node_modules\express\lib\router\index.js:280:10)
    at Function.handle (D:\Lab\supplier-admin-backend\node_modules\express\lib\router\index.js:175:3)
    at router (D:\Lab\supplier-admin-backend\node_modules\express\lib\router\index.js:47:12)
[2023-10-20 13:03:54] error: Error: WHERE parameter "supplier_name" has invalid "undefined" value
    at MySQLQueryGenerator.whereItemQuery (D:\Lab\supplier-admin-backend\node_modules\sequelize\lib\dialects\abstract\query-generator.js:1743:13)
    at D:\Lab\supplier-admin-backend\node_modules\sequelize\lib\dialects\abstract\query-generator.js:1734:25
    at Array.forEach (<anonymous>)
    at MySQLQueryGenerator.whereItemsQuery (D:\Lab\supplier-admin-backend\node_modules\sequelize\lib\dialects\abstract\query-generator.js:1732:35)
    at D:\Lab\supplier-admin-backend\node_modules\sequelize\lib\dialects\abstract\query-generator.js:1840:30
    at Array.map (<anonymous>)
    at MySQLQueryGenerator._whereGroupBind (D:\Lab\supplier-admin-backend\node_modules\sequelize\lib\dialects\abstract\query-generator.js:1839:21)
    at MySQLQueryGenerator.whereItemQuery (D:\Lab\supplier-admin-backend\node_modules\sequelize\lib\dialects\abstract\query-generator.js:1790:19)
    at D:\Lab\supplier-admin-backend\node_modules\sequelize\lib\dialects\abstract\query-generator.js:1734:25
    at Array.forEach (<anonymous>)
[2023-10-20 13:05:04] error: Error: WHERE parameter "supplier_name" has invalid "undefined" value
    at MySQLQueryGenerator.whereItemQuery (D:\Lab\supplier-admin-backend\node_modules\sequelize\lib\dialects\abstract\query-generator.js:1743:13)
    at D:\Lab\supplier-admin-backend\node_modules\sequelize\lib\dialects\abstract\query-generator.js:1734:25
    at Array.forEach (<anonymous>)
    at MySQLQueryGenerator.whereItemsQuery (D:\Lab\supplier-admin-backend\node_modules\sequelize\lib\dialects\abstract\query-generator.js:1732:35)
    at D:\Lab\supplier-admin-backend\node_modules\sequelize\lib\dialects\abstract\query-generator.js:1840:30
    at Array.map (<anonymous>)
    at MySQLQueryGenerator._whereGroupBind (D:\Lab\supplier-admin-backend\node_modules\sequelize\lib\dialects\abstract\query-generator.js:1839:21)
    at MySQLQueryGenerator.whereItemQuery (D:\Lab\supplier-admin-backend\node_modules\sequelize\lib\dialects\abstract\query-generator.js:1790:19)
    at D:\Lab\supplier-admin-backend\node_modules\sequelize\lib\dialects\abstract\query-generator.js:1734:25
    at Array.forEach (<anonymous>)
[2023-10-20 13:07:38] error: [object Object]
[2023-10-20 13:07:58] error: SequelizeValidationError: notNull Violation: suppliers.supplier_img cannot be null
    at InstanceValidator._validate (D:\Lab\supplier-admin-backend\node_modules\sequelize\lib\instance-validator.js:50:13)
    at processTicksAndRejections (node:internal/process/task_queues:96:5)
    at async InstanceValidator._validateAndRunHooks (D:\Lab\supplier-admin-backend\node_modules\sequelize\lib\instance-validator.js:60:7)
    at async InstanceValidator.validate (D:\Lab\supplier-admin-backend\node_modules\sequelize\lib\instance-validator.js:54:12)
    at async model.save (D:\Lab\supplier-admin-backend\node_modules\sequelize\lib\model.js:2426:7)
    at async Function.create (D:\Lab\supplier-admin-backend\node_modules\sequelize\lib\model.js:1362:12)
    at async exports.createSupplier (D:\Lab\supplier-admin-backend\controllers\suppliers.js:81:24)
[2023-10-20 13:09:40] error: [object Object]
[2023-10-20 13:31:29] error: Error: Route.post() requires a callback function but got a [object Undefined]
    at Route.<computed> [as post] (D:\Lab\supplier-admin-backend\node_modules\express\lib\router\route.js:211:15)
    at Function.proto.<computed> [as post] (D:\Lab\supplier-admin-backend\node_modules\express\lib\router\index.js:521:19)
    at Object.<anonymous> (D:\Lab\supplier-admin-backend\routes\suppliers.js:10:8)
    at Module._compile (node:internal/modules/cjs/loader:1198:14)
    at Object.Module._extensions..js (node:internal/modules/cjs/loader:1252:10)
    at Module.load (node:internal/modules/cjs/loader:1076:32)
    at Function.Module._load (node:internal/modules/cjs/loader:911:12)
    at Module.require (node:internal/modules/cjs/loader:1100:19)
    at require (node:internal/modules/cjs/helpers:108:18)
    at Object.<anonymous> (D:\Lab\supplier-admin-backend\routes\index.js:3:23)
[2023-10-20 13:37:10] error: ReferenceError: fileFilter is not defined
    at Object.<anonymous> (D:\Lab\supplier-admin-backend\middlewares\supplierImgValidation.js:6:5)
    at Module._compile (node:internal/modules/cjs/loader:1198:14)
    at Object.Module._extensions..js (node:internal/modules/cjs/loader:1252:10)
    at Module.load (node:internal/modules/cjs/loader:1076:32)
    at Function.Module._load (node:internal/modules/cjs/loader:911:12)
    at Module.require (node:internal/modules/cjs/loader:1100:19)
    at require (node:internal/modules/cjs/helpers:108:18)
    at Object.<anonymous> (D:\Lab\supplier-admin-backend\routes\suppliers.js:6:24)
    at Module._compile (node:internal/modules/cjs/loader:1198:14)
    at Object.Module._extensions..js (node:internal/modules/cjs/loader:1252:10)
[2023-10-20 15:12:11] error: ReferenceError: file is not defined
    at fileFilter (D:\Lab\supplier-admin-backend\middlewares\supplierImgValidation.js:6:26)
    at wrappedFileFilter (D:\Lab\supplier-admin-backend\node_modules\multer\index.js:44:7)
    at Multipart.<anonymous> (D:\Lab\supplier-admin-backend\node_modules\multer\lib\make-middleware.js:107:7)
    at Multipart.emit (node:events:513:28)
    at HeaderParser.cb (D:\Lab\supplier-admin-backend\node_modules\busboy\lib\types\multipart.js:358:14)
    at HeaderParser.push (D:\Lab\supplier-admin-backend\node_modules\busboy\lib\types\multipart.js:162:20)
    at SBMH.ssCb [as _cb] (D:\Lab\supplier-admin-backend\node_modules\busboy\lib\types\multipart.js:394:37)
    at feed (D:\Lab\supplier-admin-backend\node_modules\streamsearch\lib\sbmh.js:248:10)
    at SBMH.push (D:\Lab\supplier-admin-backend\node_modules\streamsearch\lib\sbmh.js:104:16)
    at Multipart._write (D:\Lab\supplier-admin-backend\node_modules\busboy\lib\types\multipart.js:567:19)
[2023-10-20 15:12:57] error: ReferenceError: file is not defined
    at fileFilter (D:\Lab\supplier-admin-backend\middlewares\supplierImgValidation.js:6:26)
    at wrappedFileFilter (D:\Lab\supplier-admin-backend\node_modules\multer\index.js:44:7)
    at Multipart.<anonymous> (D:\Lab\supplier-admin-backend\node_modules\multer\lib\make-middleware.js:107:7)
    at Multipart.emit (node:events:513:28)
    at HeaderParser.cb (D:\Lab\supplier-admin-backend\node_modules\busboy\lib\types\multipart.js:358:14)
    at HeaderParser.push (D:\Lab\supplier-admin-backend\node_modules\busboy\lib\types\multipart.js:162:20)
    at SBMH.ssCb [as _cb] (D:\Lab\supplier-admin-backend\node_modules\busboy\lib\types\multipart.js:394:37)
    at feed (D:\Lab\supplier-admin-backend\node_modules\streamsearch\lib\sbmh.js:248:10)
    at SBMH.push (D:\Lab\supplier-admin-backend\node_modules\streamsearch\lib\sbmh.js:104:16)
    at Multipart._write (D:\Lab\supplier-admin-backend\node_modules\busboy\lib\types\multipart.js:567:19)
[2023-10-20 15:14:26] error: ReferenceError: file is not defined
    at fileFilter (D:\Lab\supplier-admin-backend\middlewares\supplierImgValidation.js:6:26)
    at wrappedFileFilter (D:\Lab\supplier-admin-backend\node_modules\multer\index.js:44:7)
    at Multipart.<anonymous> (D:\Lab\supplier-admin-backend\node_modules\multer\lib\make-middleware.js:107:7)
    at Multipart.emit (node:events:513:28)
    at HeaderParser.cb (D:\Lab\supplier-admin-backend\node_modules\busboy\lib\types\multipart.js:358:14)
    at HeaderParser.push (D:\Lab\supplier-admin-backend\node_modules\busboy\lib\types\multipart.js:162:20)
    at SBMH.ssCb [as _cb] (D:\Lab\supplier-admin-backend\node_modules\busboy\lib\types\multipart.js:394:37)
    at feed (D:\Lab\supplier-admin-backend\node_modules\streamsearch\lib\sbmh.js:248:10)
    at SBMH.push (D:\Lab\supplier-admin-backend\node_modules\streamsearch\lib\sbmh.js:104:16)
    at Multipart._write (D:\Lab\supplier-admin-backend\node_modules\busboy\lib\types\multipart.js:567:19)
[2023-10-20 15:16:53] error: ReferenceError: file is not defined
    at fileFilter (D:\Lab\supplier-admin-backend\middlewares\supplierImgValidation.js:6:26)
    at wrappedFileFilter (D:\Lab\supplier-admin-backend\node_modules\multer\index.js:44:7)
    at Multipart.<anonymous> (D:\Lab\supplier-admin-backend\node_modules\multer\lib\make-middleware.js:107:7)
    at Multipart.emit (node:events:513:28)
    at HeaderParser.cb (D:\Lab\supplier-admin-backend\node_modules\busboy\lib\types\multipart.js:358:14)
    at HeaderParser.push (D:\Lab\supplier-admin-backend\node_modules\busboy\lib\types\multipart.js:162:20)
    at SBMH.ssCb [as _cb] (D:\Lab\supplier-admin-backend\node_modules\busboy\lib\types\multipart.js:394:37)
    at feed (D:\Lab\supplier-admin-backend\node_modules\streamsearch\lib\sbmh.js:200:10)
    at SBMH.push (D:\Lab\supplier-admin-backend\node_modules\streamsearch\lib\sbmh.js:104:16)
    at Multipart._write (D:\Lab\supplier-admin-backend\node_modules\busboy\lib\types\multipart.js:567:19)
[2023-10-20 16:49:56] error: TypeError: Cannot convert undefined or null to object
    at Function.keys (<anonymous>)
    at exports.createSupplier (D:\Lab\supplier-admin-backend\controllers\suppliers.js:83:30)
    at processTicksAndRejections (node:internal/process/task_queues:96:5)
[2023-10-20 16:50:08] error: TypeError: Cannot convert undefined or null to object
    at Function.keys (<anonymous>)
    at exports.createSupplier (D:\Lab\supplier-admin-backend\controllers\suppliers.js:83:30)
    at processTicksAndRejections (node:internal/process/task_queues:96:5)
[2023-10-20 16:50:16] error: TypeError: Cannot convert undefined or null to object
    at Function.keys (<anonymous>)
    at exports.createSupplier (D:\Lab\supplier-admin-backend\controllers\suppliers.js:83:30)
    at processTicksAndRejections (node:internal/process/task_queues:96:5)
[2023-10-20 16:50:19] error: TypeError: Cannot convert undefined or null to object
    at Function.keys (<anonymous>)
    at exports.createSupplier (D:\Lab\supplier-admin-backend\controllers\suppliers.js:83:30)
    at processTicksAndRejections (node:internal/process/task_queues:96:5)
[2023-10-20 16:51:01] error: TypeError: Cannot convert undefined or null to object
    at Function.keys (<anonymous>)
    at exports.createSupplier (D:\Lab\supplier-admin-backend\controllers\suppliers.js:83:30)
    at processTicksAndRejections (node:internal/process/task_queues:96:5)
[2023-10-20 16:51:31] error: TypeError: Cannot convert undefined or null to object
    at Function.keys (<anonymous>)
    at exports.createSupplier (D:\Lab\supplier-admin-backend\controllers\suppliers.js:83:30)
    at processTicksAndRejections (node:internal/process/task_queues:96:5)
[2023-10-20 16:52:01] error: TypeError: Cannot convert undefined or null to object
    at Function.keys (<anonymous>)
    at exports.createSupplier (D:\Lab\supplier-admin-backend\controllers\suppliers.js:83:30)
    at processTicksAndRejections (node:internal/process/task_queues:96:5)
[2023-10-20 16:53:57] error: [object Object]
